  vgui_checkbutton2.cpp
  vgui_grid.cpp
  vgui_helpers.cpp
  vgui_listbox.cpp
  vgui_loadtga.cpp
  vgui_scrollbar2.cpp
  vgui_slider2.cpp
  voice_banmgr.cpp
  voice_status.cpp
  ammo.cpp
  ammohistory.cpp
  ammo_secondary.cpp
  battery.cpp
  cdll_int.cpp
  com_weapons.cpp
  death.cpp
C:\SourceCode\March1998\src\cl_dll\battery.cpp(78,10): warning C4101: zrc: неиспользованная локальная переменная
C:\SourceCode\March1998\src\cl_dll\ammo.cpp(954,6): warning C4101: AmmoWidth: неиспользованная локальная переменная
C:\SourceCode\March1998\src\cl_dll\ammo.cpp(1140,28): warning C4101: a: неиспользованная локальная переменная
  demo.cpp
  entity.cpp
  ev_common.cpp
  ev_hldm.cpp
  GameStudioModelRenderer.cpp
  geiger.cpp
  health.cpp
  hl_baseentity.cpp
  hl_objects.cpp
  hl_weapons.cpp
  hud.cpp
C:\SourceCode\March1998\src\cl_dll\health.cpp(171,6): warning C4101: HealthWidth: неиспользованная локальная переменная
  hud_msg.cpp
  hud_redraw.cpp
  hud_servers.cpp
  hud_spectator.cpp
  hud_update.cpp
  input.cpp
  inputw32.cpp
  in_camera.cpp
  menu.cpp
  message.cpp
  parsemsg.cpp
  saytext.cpp
  statusbar.cpp
  status_icons.cpp
  StudioModelRenderer.cpp
  studio_util.cpp
  text_message.cpp
  train.cpp
  tri.cpp
  util.cpp
  vgui_ClassMenu.cpp
  vgui_ConsolePanel.cpp
  vgui_ControlConfigPanel.cpp
  vgui_CustomObjects.cpp
  vgui_int.cpp
  vgui_MOTDWindow.cpp
  vgui_SchemeManager.cpp
  vgui_ScorePanel.cpp
  vgui_ServerBrowser.cpp
  vgui_SpectatorPanel.cpp
  vgui_TeamFortressViewport.cpp
  vgui_teammenu.cpp
  view.cpp
  pm_debug.c
  pm_math.c
  pm_shared.c
     Создается библиотека C:\SourceCode\March1998\src\build\client\client.lib и объект C:\SourceCode\March1998\src\build\client\client.exp
  cl_dll.vcxproj -> C:\SourceCode\March1998\valve\bin\client.dll
