c:\sourcecode\march1998\src\build\client\pm_debug.obj
c:\sourcecode\march1998\src\build\client\pm_math.obj
c:\sourcecode\march1998\src\build\client\pm_shared.obj
c:\sourcecode\march1998\src\build\client\voice_banmgr.obj
c:\sourcecode\march1998\src\build\client\voice_status.obj
c:\sourcecode\march1998\src\build\client\demo.obj
c:\sourcecode\march1998\src\build\client\hud_msg.obj
c:\sourcecode\march1998\src\build\client\inputw32.obj
c:\sourcecode\march1998\src\build\client\vgui_controlconfigpanel.obj
c:\sourcecode\march1998\src\build\client\vgui_serverbrowser.obj
c:\sourcecode\march1998\src\build\client\vgui_slider2.obj
c:\sourcecode\march1998\src\build\client\com_weapons.obj
c:\sourcecode\march1998\src\build\client\geiger.obj
c:\sourcecode\march1998\src\build\client\hud_servers.obj
c:\sourcecode\march1998\src\build\client\train.obj
c:\sourcecode\march1998\src\build\client\vgui_int.obj
c:\sourcecode\march1998\src\build\client\vgui_helpers.obj
c:\sourcecode\march1998\src\build\client\ammo.obj
c:\sourcecode\march1998\src\build\client\ev_hldm.obj
c:\sourcecode\march1998\src\build\client\hl_weapons.obj
c:\sourcecode\march1998\src\build\client\in_camera.obj
c:\sourcecode\march1998\src\build\client\vgui_classmenu.obj
c:\sourcecode\march1998\src\build\client\view.obj
c:\sourcecode\march1998\src\build\client\vgui_loadtga.obj
c:\sourcecode\march1998\src\build\client\cdll_int.obj
c:\sourcecode\march1998\src\build\client\health.obj
c:\sourcecode\march1998\src\build\client\hud_update.obj
c:\sourcecode\march1998\src\build\client\menu.obj
c:\sourcecode\march1998\src\build\client\studio_util.obj
c:\sourcecode\march1998\src\build\client\vgui_customobjects.obj
c:\sourcecode\march1998\src\build\client\vgui_teamfortressviewport.obj
c:\sourcecode\march1998\src\build\client\vgui_listbox.obj
c:\sourcecode\march1998\src\build\client\death.obj
c:\sourcecode\march1998\src\build\client\hl_baseentity.obj
c:\sourcecode\march1998\src\build\client\hud_spectator.obj
c:\sourcecode\march1998\src\build\client\parsemsg.obj
c:\sourcecode\march1998\src\build\client\statusbar.obj
c:\sourcecode\march1998\src\build\client\tri.obj
c:\sourcecode\march1998\src\build\client\vgui_motdwindow.obj
c:\sourcecode\march1998\src\build\client\vgui_scrollbar2.obj
c:\sourcecode\march1998\src\build\client\battery.obj
c:\sourcecode\march1998\src\build\client\gamestudiomodelrenderer.obj
c:\sourcecode\march1998\src\build\client\hl_objects.obj
c:\sourcecode\march1998\src\build\client\input.obj
c:\sourcecode\march1998\src\build\client\status_icons.obj
c:\sourcecode\march1998\src\build\client\util.obj
c:\sourcecode\march1998\src\build\client\vgui_scorepanel.obj
c:\sourcecode\march1998\src\build\client\vgui_checkbutton2.obj
c:\sourcecode\march1998\src\build\client\ammo_secondary.obj
c:\sourcecode\march1998\src\build\client\ev_common.obj
c:\sourcecode\march1998\src\build\client\hud.obj
c:\sourcecode\march1998\src\build\client\saytext.obj
c:\sourcecode\march1998\src\build\client\text_message.obj
c:\sourcecode\march1998\src\build\client\vgui_schememanager.obj
c:\sourcecode\march1998\src\build\client\vgui_teammenu.obj
c:\sourcecode\march1998\src\build\client\vgui_grid.obj
c:\sourcecode\march1998\src\build\client\ammohistory.obj
c:\sourcecode\march1998\src\build\client\entity.obj
c:\sourcecode\march1998\src\build\client\hud_redraw.obj
c:\sourcecode\march1998\src\build\client\message.obj
c:\sourcecode\march1998\src\build\client\studiomodelrenderer.obj
c:\sourcecode\march1998\src\build\client\vgui_consolepanel.obj
c:\sourcecode\march1998\src\build\client\vgui_spectatorpanel.obj
c:\sourcecode\march1998\src\build\client\vc143.pdb
c:\sourcecode\march1998\valve\bin\client.dll
c:\sourcecode\march1998\valve\bin\client.pdb
c:\sourcecode\march1998\src\build\client\client.lib
c:\sourcecode\march1998\src\build\client\client.exp
c:\sourcecode\march1998\src\..\valve\bin\client.pdb
c:\sourcecode\march1998\src\build\client\cl_dll.vcxproj.filelistabsolute.txt
c:\sourcecode\march1998\src\build\client\client.tlog\cl.command.1.tlog
c:\sourcecode\march1998\src\build\client\client.tlog\cl.items.tlog
c:\sourcecode\march1998\src\build\client\client.tlog\cl.read.1.tlog
c:\sourcecode\march1998\src\build\client\client.tlog\cl.write.1.tlog
c:\sourcecode\march1998\src\build\client\client.tlog\link.command.1.tlog
c:\sourcecode\march1998\src\build\client\client.tlog\link.read.1.tlog
c:\sourcecode\march1998\src\build\client\client.tlog\link.secondary.1.tlog
c:\sourcecode\march1998\src\build\client\client.tlog\link.write.1.tlog
