  basemenu.cpp
  menu_advcontrols.cpp
  menu_audio.cpp
  menu_btns.cpp
  menu_configuration.cpp
  menu_controls.cpp
  menu_creategame.cpp
  menu_credits.cpp
C:\SourceCode\March1998\src\mainui\basemenu.cpp(66,1): warning C4838: Преобразование из "unsigned int" в "int" требует сужающего преобразования.
C:\SourceCode\March1998\src\mainui\basemenu.cpp(67,1): warning C4838: Преобразование из "unsigned int" в "int" требует сужающего преобразования.
C:\SourceCode\March1998\src\mainui\basemenu.cpp(68,1): warning C4838: Преобразование из "unsigned int" в "int" требует сужающего преобразования.
C:\SourceCode\March1998\src\mainui\basemenu.cpp(69,1): warning C4838: Преобразование из "unsigned int" в "int" требует сужающего преобразования.
C:\SourceCode\March1998\src\mainui\basemenu.cpp(70,1): warning C4838: Преобразование из "unsigned int" в "int" требует сужающего преобразования.
C:\SourceCode\March1998\src\mainui\basemenu.cpp(71,1): warning C4838: Преобразование из "unsigned int" в "int" требует сужающего преобразования.
C:\SourceCode\March1998\src\mainui\basemenu.cpp(72,1): warning C4838: Преобразование из "unsigned int" в "int" требует сужающего преобразования.
C:\SourceCode\March1998\src\mainui\basemenu.cpp(73,1): warning C4838: Преобразование из "unsigned int" в "int" требует сужающего преобразования.
  menu_customgame.cpp
  menu_gameoptions.cpp
  menu_internetgames.cpp
  menu_langame.cpp
  menu_loadgame.cpp
  menu_main.cpp
  menu_multiplayer.cpp
  menu_newgame.cpp
  menu_savegame.cpp
  menu_saveload.cpp
  menu_strings.cpp
  menu_video.cpp
  menu_vidmodes.cpp
  menu_vidoptions.cpp
  udll_int.cpp
  ui_title_anim.cpp
  utils.cpp
     Создается библиотека C:\SourceCode\March1998\src\build\menu\menu.lib и объект C:\SourceCode\March1998\src\build\menu\menu.exp
  mainui.vcxproj -> C:\SourceCode\March1998\menu.dll
