c:\sourcecode\march1998\src\build\menu\menu_credits.obj
c:\sourcecode\march1998\src\build\menu\menu_loadgame.obj
c:\sourcecode\march1998\src\build\menu\menu_video.obj
c:\sourcecode\march1998\src\build\menu\utils.obj
c:\sourcecode\march1998\src\build\menu\menu_controls.obj
c:\sourcecode\march1998\src\build\menu\menu_customgame.obj
c:\sourcecode\march1998\src\build\menu\menu_saveload.obj
c:\sourcecode\march1998\src\build\menu\menu_audio.obj
c:\sourcecode\march1998\src\build\menu\menu_langame.obj
c:\sourcecode\march1998\src\build\menu\menu_savegame.obj
c:\sourcecode\march1998\src\build\menu\menu_advcontrols.obj
c:\sourcecode\march1998\src\build\menu\menu_gameoptions.obj
c:\sourcecode\march1998\src\build\menu\menu_vidmodes.obj
c:\sourcecode\march1998\src\build\menu\menu_btns.obj
c:\sourcecode\march1998\src\build\menu\menu_main.obj
c:\sourcecode\march1998\src\build\menu\udll_int.obj
c:\sourcecode\march1998\src\build\menu\menu_creategame.obj
c:\sourcecode\march1998\src\build\menu\menu_internetgames.obj
c:\sourcecode\march1998\src\build\menu\menu_vidoptions.obj
c:\sourcecode\march1998\src\build\menu\basemenu.obj
c:\sourcecode\march1998\src\build\menu\menu_newgame.obj
c:\sourcecode\march1998\src\build\menu\ui_title_anim.obj
c:\sourcecode\march1998\src\build\menu\menu_configuration.obj
c:\sourcecode\march1998\src\build\menu\menu_multiplayer.obj
c:\sourcecode\march1998\src\build\menu\menu_strings.obj
c:\sourcecode\march1998\src\build\menu\vc143.pdb
c:\sourcecode\march1998\menu.dll
c:\sourcecode\march1998\menu.pdb
c:\sourcecode\march1998\src\build\menu\menu.lib
c:\sourcecode\march1998\src\build\menu\menu.exp
c:\sourcecode\march1998\src\..\menu.pdb
c:\sourcecode\march1998\src\build\menu\mainui.vcxproj.filelistabsolute.txt
c:\sourcecode\march1998\src\build\menu\menu.tlog\cl.command.1.tlog
c:\sourcecode\march1998\src\build\menu\menu.tlog\cl.items.tlog
c:\sourcecode\march1998\src\build\menu\menu.tlog\cl.read.1.tlog
c:\sourcecode\march1998\src\build\menu\menu.tlog\cl.write.1.tlog
c:\sourcecode\march1998\src\build\menu\menu.tlog\link.command.1.tlog
c:\sourcecode\march1998\src\build\menu\menu.tlog\link.read.1.tlog
c:\sourcecode\march1998\src\build\menu\menu.tlog\link.secondary.1.tlog
c:\sourcecode\march1998\src\build\menu\menu.tlog\link.write.1.tlog
