c:\sourcecode\march1998\src\build\engine\vgui_clip.obj
c:\sourcecode\march1998\src\build\engine\vgui_input.obj
c:\sourcecode\march1998\src\build\engine\vgui_int.obj
c:\sourcecode\march1998\src\build\engine\vgui_surf.obj
c:\sourcecode\march1998\src\build\engine\cl_events.obj
c:\sourcecode\march1998\src\build\engine\cl_remap.obj
c:\sourcecode\march1998\src\build\engine\gl_beams.obj
c:\sourcecode\march1998\src\build\engine\gl_refrag.obj
c:\sourcecode\march1998\src\build\engine\gl_rpart.obj
c:\sourcecode\march1998\src\build\engine\s_main.obj
c:\sourcecode\march1998\src\build\engine\build.obj
c:\sourcecode\march1998\src\build\engine\crclib.obj
c:\sourcecode\march1998\src\build\engine\host_state.obj
c:\sourcecode\march1998\src\build\engine\infostring.obj
c:\sourcecode\march1998\src\build\engine\model.obj
c:\sourcecode\march1998\src\build\engine\pm_debug.obj
c:\sourcecode\march1998\src\build\engine\sys_win.obj
c:\sourcecode\march1998\src\build\engine\sv_game.obj
c:\sourcecode\march1998\src\build\engine\sv_world.obj
c:\sourcecode\march1998\src\build\engine\cl_custom.obj
c:\sourcecode\march1998\src\build\engine\cl_parse.obj
c:\sourcecode\march1998\src\build\engine\gl_decals.obj
c:\sourcecode\march1998\src\build\engine\gl_rmisc.obj
c:\sourcecode\march1998\src\build\engine\s_dsp.obj
c:\sourcecode\march1998\src\build\engine\cfgscript.obj
c:\sourcecode\march1998\src\build\engine\custom.obj
c:\sourcecode\march1998\src\build\engine\hpak.obj
c:\sourcecode\march1998\src\build\engine\library.obj
c:\sourcecode\march1998\src\build\engine\mod_studio.obj
c:\sourcecode\march1998\src\build\engine\pm_trace.obj
c:\sourcecode\march1998\src\build\engine\sv_client.obj
c:\sourcecode\march1998\src\build\engine\sv_pmove.obj
c:\sourcecode\march1998\src\build\engine\cl_game.obj
c:\sourcecode\march1998\src\build\engine\cl_tent.obj
c:\sourcecode\march1998\src\build\engine\gl_downsample.obj
c:\sourcecode\march1998\src\build\engine\gl_rlight.obj
c:\sourcecode\march1998\src\build\engine\gl_vidnt.obj
c:\sourcecode\march1998\src\build\engine\s_mix.obj
c:\sourcecode\march1998\src\build\engine\cmd.obj
c:\sourcecode\march1998\src\build\engine\filesystem.obj
c:\sourcecode\march1998\src\build\engine\img_tga.obj
c:\sourcecode\march1998\src\build\engine\mathlib.obj
c:\sourcecode\march1998\src\build\engine\net_ws.obj
c:\sourcecode\march1998\src\build\engine\sys_con.obj
c:\sourcecode\march1998\src\build\engine\sv_frame.obj
c:\sourcecode\march1998\src\build\engine\sv_save.obj
c:\sourcecode\march1998\src\build\engine\cl_gameui.obj
c:\sourcecode\march1998\src\build\engine\cl_qparse.obj
c:\sourcecode\march1998\src\build\engine\cl_view.obj
c:\sourcecode\march1998\src\build\engine\gl_frustum.obj
c:\sourcecode\march1998\src\build\engine\gl_rmain.obj
c:\sourcecode\march1998\src\build\engine\gl_warp.obj
c:\sourcecode\march1998\src\build\engine\s_stream.obj
c:\sourcecode\march1998\src\build\engine\console.obj
c:\sourcecode\march1998\src\build\engine\img_bmp.obj
c:\sourcecode\march1998\src\build\engine\input.obj
c:\sourcecode\march1998\src\build\engine\mod_dbghulls.obj
c:\sourcecode\march1998\src\build\engine\snd_wav.obj
c:\sourcecode\march1998\src\build\engine\sv_custom.obj
c:\sourcecode\march1998\src\build\engine\sv_move.obj
c:\sourcecode\march1998\src\build\engine\cl_frame.obj
c:\sourcecode\march1998\src\build\engine\cl_scrn.obj
c:\sourcecode\march1998\src\build\engine\cl_video.obj
c:\sourcecode\march1998\src\build\engine\gl_draw.obj
c:\sourcecode\march1998\src\build\engine\gl_studio.obj
c:\sourcecode\march1998\src\build\engine\s_utils.obj
c:\sourcecode\march1998\src\build\engine\common.obj
c:\sourcecode\march1998\src\build\engine\host.obj
c:\sourcecode\march1998\src\build\engine\img_quant.obj
c:\sourcecode\march1998\src\build\engine\matrixlib.obj
c:\sourcecode\march1998\src\build\engine\net_buffer.obj
c:\sourcecode\march1998\src\build\engine\pm_surface.obj
c:\sourcecode\march1998\src\build\engine\zone.obj
c:\sourcecode\march1998\src\build\engine\sv_phys.obj
c:\sourcecode\march1998\src\build\engine\cl_demo.obj
c:\sourcecode\march1998\src\build\engine\cl_main.obj
c:\sourcecode\march1998\src\build\engine\gl_alias.obj
c:\sourcecode\march1998\src\build\engine\gl_image.obj
c:\sourcecode\march1998\src\build\engine\gl_sprite.obj
c:\sourcecode\march1998\src\build\engine\s_mouth.obj
c:\sourcecode\march1998\src\build\engine\avikit.obj
c:\sourcecode\march1998\src\build\engine\cvar.obj
c:\sourcecode\march1998\src\build\engine\img_dds.obj
c:\sourcecode\march1998\src\build\engine\img_wad.obj
c:\sourcecode\march1998\src\build\engine\mod_bmodel.obj
c:\sourcecode\march1998\src\build\engine\snd_main.obj
c:\sourcecode\march1998\src\build\engine\titles.obj
c:\sourcecode\march1998\src\build\engine\sv_log.obj
c:\sourcecode\march1998\src\build\engine\cl_cmds.obj
c:\sourcecode\march1998\src\build\engine\cl_netgraph.obj
c:\sourcecode\march1998\src\build\engine\gl_backend.obj
c:\sourcecode\march1998\src\build\engine\gl_mirror.obj
c:\sourcecode\march1998\src\build\engine\gl_rsurf.obj
c:\sourcecode\march1998\src\build\engine\s_load.obj
c:\sourcecode\march1998\src\build\engine\vgui_draw.obj
c:\sourcecode\march1998\src\build\engine\crtlib.obj
c:\sourcecode\march1998\src\build\engine\img_main.obj
c:\sourcecode\march1998\src\build\engine\keys.obj
c:\sourcecode\march1998\src\build\engine\net_chan.obj
c:\sourcecode\march1998\src\build\engine\snd_utils.obj
c:\sourcecode\march1998\src\build\engine\sv_cmds.obj
c:\sourcecode\march1998\src\build\engine\sv_main.obj
c:\sourcecode\march1998\src\build\engine\cl_debug.obj
c:\sourcecode\march1998\src\build\engine\cl_pmove.obj
c:\sourcecode\march1998\src\build\engine\gl_cull.obj
c:\sourcecode\march1998\src\build\engine\gl_rmath.obj
c:\sourcecode\march1998\src\build\engine\s_backend.obj
c:\sourcecode\march1998\src\build\engine\s_vox.obj
c:\sourcecode\march1998\src\build\engine\con_utils.obj
c:\sourcecode\march1998\src\build\engine\gamma.obj
c:\sourcecode\march1998\src\build\engine\img_utils.obj
c:\sourcecode\march1998\src\build\engine\net_encode.obj
c:\sourcecode\march1998\src\build\engine\snd_mp3.obj
c:\sourcecode\march1998\src\build\engine\world.obj
c:\sourcecode\march1998\src\build\engine\sv_init.obj
c:\sourcecode\march1998\src\build\engine\vc143.pdb
c:\sourcecode\march1998\engine.dll
c:\sourcecode\march1998\engine.pdb
c:\sourcecode\march1998\src\build\engine\engine.lib
c:\sourcecode\march1998\src\build\engine\engine.exp
c:\sourcecode\march1998\src\..\engine.pdb
c:\sourcecode\march1998\src\build\engine\engine.vcxproj.filelistabsolute.txt
c:\sourcecode\march1998\src\build\engine\engine.tlog\cl.11508.write.1.tlog
c:\sourcecode\march1998\src\build\engine\engine.tlog\cl.command.1.tlog
c:\sourcecode\march1998\src\build\engine\engine.tlog\cl.items.tlog
c:\sourcecode\march1998\src\build\engine\engine.tlog\cl.read.1.tlog
c:\sourcecode\march1998\src\build\engine\engine.tlog\link.command.1.tlog
c:\sourcecode\march1998\src\build\engine\engine.tlog\link.read.1.tlog
c:\sourcecode\march1998\src\build\engine\engine.tlog\link.secondary.1.tlog
c:\sourcecode\march1998\src\build\engine\engine.tlog\link.write.1.tlog
