c:\sourcecode\march1998\src\build\valve\vc143.pdb
c:\sourcecode\march1998\src\build\valve\game.obj
c:\sourcecode\march1998\valve.exe
c:\sourcecode\march1998\valve.pdb
c:\sourcecode\march1998\src\build\valve\game.res
c:\sourcecode\march1998\src\build\valve\valve.lib
c:\sourcecode\march1998\src\build\valve\valve.exp
c:\sourcecode\march1998\src\..\valve.pdb
c:\sourcecode\march1998\src\build\valve\game.vcxproj.filelistabsolute.txt
c:\sourcecode\march1998\src\build\valve\valve.tlog\cl.command.1.tlog
c:\sourcecode\march1998\src\build\valve\valve.tlog\cl.items.tlog
c:\sourcecode\march1998\src\build\valve\valve.tlog\cl.read.1.tlog
c:\sourcecode\march1998\src\build\valve\valve.tlog\cl.write.1.tlog
c:\sourcecode\march1998\src\build\valve\valve.tlog\link.command.1.tlog
c:\sourcecode\march1998\src\build\valve\valve.tlog\link.read.1.tlog
c:\sourcecode\march1998\src\build\valve\valve.tlog\link.secondary.1.tlog
c:\sourcecode\march1998\src\build\valve\valve.tlog\link.write.1.tlog
c:\sourcecode\march1998\src\build\valve\valve.tlog\rc.command.1.tlog
c:\sourcecode\march1998\src\build\valve\valve.tlog\rc.read.1.tlog
c:\sourcecode\march1998\src\build\valve\valve.tlog\rc.write.1.tlog
