  voice_gamemgr.cpp
  aflock.cpp
  agrunt.cpp
  animating.cpp
  animation.cpp
  apache.cpp
  archer.cpp
  barnacle.cpp
  barney.cpp
  bigmomma.cpp
  bmodels.cpp
  bullsquid.cpp
  buttons.cpp
  cbase.cpp
  chumtoad.cpp
  client.cpp
  combat.cpp
  controller.cpp
  controlsphere.cpp
  crossbow.cpp
  crowbar.cpp
  defaultai.cpp
  diablo.cpp
  doors.cpp
  effects.cpp
  egon.cpp
  env_model.cpp
C:\SourceCode\March1998\src\dlls\crossbow.cpp(79,33): warning C4553: "==": результат выражения не используется; вы хотели использовать "="?
  explode.cpp
  floater.cpp
  fly.cpp
  flyingmonster.cpp
  friendly.cpp
  func_break.cpp
  func_tank.cpp
  game.cpp
  gamerules.cpp
  gargantua.cpp
  gauss.cpp
  genericmonster.cpp
  ggrenade.cpp
  globals.cpp
  glock.cpp
  gman.cpp
  handgrenade.cpp
  hassassin.cpp
  hassault.cpp
  headcrab.cpp
  healthkit.cpp
  hgrunt.cpp
C:\SourceCode\March1998\src\dlls\glock.cpp(59,28): warning C4553: "==": результат выражения не используется; вы хотели использовать "="?
  hornet.cpp
  hornetgun.cpp
  houndeye.cpp
  h_ai.cpp
  h_battery.cpp
  h_cine.cpp
  h_cycler.cpp
  h_export.cpp
  ichthyosaur.cpp
  islave.cpp
  items.cpp
  kingpin.cpp
  leech.cpp
  lights.cpp
  maprules.cpp
  monstermaker.cpp
  monsters.cpp
  monsterstate.cpp
  mortar.cpp
  mp5.cpp
  multiplay_gamerules.cpp
  nihilanth.cpp
  nodes.cpp
  osprey.cpp
  pathcorner.cpp
  plane.cpp
  plats.cpp
  player.cpp
  python.cpp
  rat.cpp
  reddoc.cpp
  roach.cpp
  rpg.cpp
  satchel.cpp
  schedule.cpp
  scientist.cpp
  scripted.cpp
  shotgun.cpp
  singleplay_gamerules.cpp
  skill.cpp
  snapbug.cpp
  sound.cpp
  soundent.cpp
  Robo.cpp
  spectator.cpp
  squadmonster.cpp
  squeakgrenade.cpp
  stealth.cpp
  stukabat.cpp
  subs.cpp
  talkmonster.cpp
  teamplay_gamerules.cpp
  tempmonster.cpp
  tentacle.cpp
C:\SourceCode\March1998\src\dlls\stealth.cpp(110,27): warning C4805: !=: небезопасное смешение типа "USE_TYPE" и типа "bool" в операции
  triggers.cpp
  tripmine.cpp
  turret.cpp
  util.cpp
  weapons.cpp
  world.cpp
  xbowbolt.cpp
  xen.cpp
  zombie.cpp
  pm_debug.c
  pm_math.c
  pm_shared.c
     Создается библиотека C:\SourceCode\March1998\src\build\server\server.lib и объект C:\SourceCode\March1998\src\build\server\server.exp
  hl.vcxproj -> C:\SourceCode\March1998\valve\bin\server.dll
