c:\sourcecode\march1998\src\build\server\voice_gamemgr.bsc
c:\sourcecode\march1998\src\build\server\archer.sbr
c:\sourcecode\march1998\src\build\server\archer.obj
c:\sourcecode\march1998\src\build\server\client.sbr
c:\sourcecode\march1998\src\build\server\client.obj
c:\sourcecode\march1998\src\build\server\defaultai.sbr
c:\sourcecode\march1998\src\build\server\defaultai.obj
c:\sourcecode\march1998\src\build\server\floater.sbr
c:\sourcecode\march1998\src\build\server\floater.obj
c:\sourcecode\march1998\src\build\server\gamerules.sbr
c:\sourcecode\march1998\src\build\server\gamerules.obj
c:\sourcecode\march1998\src\build\server\handgrenade.sbr
c:\sourcecode\march1998\src\build\server\handgrenade.obj
c:\sourcecode\march1998\src\build\server\houndeye.sbr
c:\sourcecode\march1998\src\build\server\houndeye.obj
c:\sourcecode\march1998\src\build\server\ichthyosaur.sbr
c:\sourcecode\march1998\src\build\server\ichthyosaur.obj
c:\sourcecode\march1998\src\build\server\monsterstate.sbr
c:\sourcecode\march1998\src\build\server\monsterstate.obj
c:\sourcecode\march1998\src\build\server\pathcorner.sbr
c:\sourcecode\march1998\src\build\server\pathcorner.obj
c:\sourcecode\march1998\src\build\server\satchel.sbr
c:\sourcecode\march1998\src\build\server\satchel.obj
c:\sourcecode\march1998\src\build\server\snapbug.sbr
c:\sourcecode\march1998\src\build\server\snapbug.obj
c:\sourcecode\march1998\src\build\server\stukabat.sbr
c:\sourcecode\march1998\src\build\server\stukabat.obj
c:\sourcecode\march1998\src\build\server\util.sbr
c:\sourcecode\march1998\src\build\server\util.obj
c:\sourcecode\march1998\src\build\server\barnacle.sbr
c:\sourcecode\march1998\src\build\server\barnacle.obj
c:\sourcecode\march1998\src\build\server\cbase.sbr
c:\sourcecode\march1998\src\build\server\cbase.obj
c:\sourcecode\march1998\src\build\server\doors.sbr
c:\sourcecode\march1998\src\build\server\doors.obj
c:\sourcecode\march1998\src\build\server\friendly.sbr
c:\sourcecode\march1998\src\build\server\friendly.obj
c:\sourcecode\march1998\src\build\server\ggrenade.sbr
c:\sourcecode\march1998\src\build\server\ggrenade.obj
c:\sourcecode\march1998\src\build\server\hornet.sbr
c:\sourcecode\march1998\src\build\server\hornet.obj
c:\sourcecode\march1998\src\build\server\h_export.sbr
c:\sourcecode\march1998\src\build\server\h_export.obj
c:\sourcecode\march1998\src\build\server\monstermaker.sbr
c:\sourcecode\march1998\src\build\server\monstermaker.obj
c:\sourcecode\march1998\src\build\server\osprey.sbr
c:\sourcecode\march1998\src\build\server\osprey.obj
c:\sourcecode\march1998\src\build\server\rat.sbr
c:\sourcecode\march1998\src\build\server\rat.obj
c:\sourcecode\march1998\src\build\server\scripted.sbr
c:\sourcecode\march1998\src\build\server\scripted.obj
c:\sourcecode\march1998\src\build\server\squeakgrenade.sbr
c:\sourcecode\march1998\src\build\server\squeakgrenade.obj
c:\sourcecode\march1998\src\build\server\turret.sbr
c:\sourcecode\march1998\src\build\server\turret.obj
c:\sourcecode\march1998\src\build\server\animation.sbr
c:\sourcecode\march1998\src\build\server\animation.obj
c:\sourcecode\march1998\src\build\server\barney.sbr
c:\sourcecode\march1998\src\build\server\barney.obj
c:\sourcecode\march1998\src\build\server\combat.sbr
c:\sourcecode\march1998\src\build\server\combat.obj
c:\sourcecode\march1998\src\build\server\effects.sbr
c:\sourcecode\march1998\src\build\server\effects.obj
c:\sourcecode\march1998\src\build\server\game.sbr
c:\sourcecode\march1998\src\build\server\game.obj
c:\sourcecode\march1998\src\build\server\hassassin.sbr
c:\sourcecode\march1998\src\build\server\hassassin.obj
c:\sourcecode\march1998\src\build\server\h_ai.sbr
c:\sourcecode\march1998\src\build\server\h_ai.obj
c:\sourcecode\march1998\src\build\server\kingpin.sbr
c:\sourcecode\march1998\src\build\server\kingpin.obj
c:\sourcecode\march1998\src\build\server\mp5.sbr
c:\sourcecode\march1998\src\build\server\mp5.obj
c:\sourcecode\march1998\src\build\server\plats.sbr
c:\sourcecode\march1998\src\build\server\plats.obj
c:\sourcecode\march1998\src\build\server\schedule.sbr
c:\sourcecode\march1998\src\build\server\schedule.obj
c:\sourcecode\march1998\src\build\server\soundent.sbr
c:\sourcecode\march1998\src\build\server\soundent.obj
c:\sourcecode\march1998\src\build\server\talkmonster.sbr
c:\sourcecode\march1998\src\build\server\talkmonster.obj
c:\sourcecode\march1998\src\build\server\world.sbr
c:\sourcecode\march1998\src\build\server\world.obj
c:\sourcecode\march1998\src\build\server\voice_gamemgr.sbr
c:\sourcecode\march1998\src\build\server\voice_gamemgr.obj
c:\sourcecode\march1998\src\build\server\chumtoad.sbr
c:\sourcecode\march1998\src\build\server\chumtoad.obj
c:\sourcecode\march1998\src\build\server\controlsphere.sbr
c:\sourcecode\march1998\src\build\server\controlsphere.obj
c:\sourcecode\march1998\src\build\server\env_model.sbr
c:\sourcecode\march1998\src\build\server\env_model.obj
c:\sourcecode\march1998\src\build\server\func_tank.sbr
c:\sourcecode\march1998\src\build\server\func_tank.obj
c:\sourcecode\march1998\src\build\server\gman.sbr
c:\sourcecode\march1998\src\build\server\gman.obj
c:\sourcecode\march1998\src\build\server\hgrunt.sbr
c:\sourcecode\march1998\src\build\server\hgrunt.obj
c:\sourcecode\march1998\src\build\server\islave.sbr
c:\sourcecode\march1998\src\build\server\islave.obj
c:\sourcecode\march1998\src\build\server\monsters.sbr
c:\sourcecode\march1998\src\build\server\monsters.obj
c:\sourcecode\march1998\src\build\server\player.sbr
c:\sourcecode\march1998\src\build\server\player.obj
c:\sourcecode\march1998\src\build\server\scientist.sbr
c:\sourcecode\march1998\src\build\server\scientist.obj
c:\sourcecode\march1998\src\build\server\spectator.sbr
c:\sourcecode\march1998\src\build\server\spectator.obj
c:\sourcecode\march1998\src\build\server\tentacle.sbr
c:\sourcecode\march1998\src\build\server\tentacle.obj
c:\sourcecode\march1998\src\build\server\xen.sbr
c:\sourcecode\march1998\src\build\server\xen.obj
c:\sourcecode\march1998\src\build\server\animating.sbr
c:\sourcecode\march1998\src\build\server\animating.obj
c:\sourcecode\march1998\src\build\server\bigmomma.sbr
c:\sourcecode\march1998\src\build\server\bigmomma.obj
c:\sourcecode\march1998\src\build\server\controller.sbr
c:\sourcecode\march1998\src\build\server\controller.obj
c:\sourcecode\march1998\src\build\server\explode.sbr
c:\sourcecode\march1998\src\build\server\explode.obj
c:\sourcecode\march1998\src\build\server\gargantua.sbr
c:\sourcecode\march1998\src\build\server\gargantua.obj
c:\sourcecode\march1998\src\build\server\globals.sbr
c:\sourcecode\march1998\src\build\server\globals.obj
c:\sourcecode\march1998\src\build\server\healthkit.sbr
c:\sourcecode\march1998\src\build\server\healthkit.obj
c:\sourcecode\march1998\src\build\server\h_cycler.sbr
c:\sourcecode\march1998\src\build\server\h_cycler.obj
c:\sourcecode\march1998\src\build\server\lights.sbr
c:\sourcecode\march1998\src\build\server\lights.obj
c:\sourcecode\march1998\src\build\server\nihilanth.sbr
c:\sourcecode\march1998\src\build\server\nihilanth.obj
c:\sourcecode\march1998\src\build\server\roach.sbr
c:\sourcecode\march1998\src\build\server\roach.obj
c:\sourcecode\march1998\src\build\server\skill.sbr
c:\sourcecode\march1998\src\build\server\skill.obj
c:\sourcecode\march1998\src\build\server\stealth.sbr
c:\sourcecode\march1998\src\build\server\stealth.obj
c:\sourcecode\march1998\src\build\server\tripmine.sbr
c:\sourcecode\march1998\src\build\server\tripmine.obj
c:\sourcecode\march1998\src\build\server\zombie.sbr
c:\sourcecode\march1998\src\build\server\zombie.obj
c:\sourcecode\march1998\src\build\server\agrunt.sbr
c:\sourcecode\march1998\src\build\server\agrunt.obj
c:\sourcecode\march1998\src\build\server\bullsquid.sbr
c:\sourcecode\march1998\src\build\server\bullsquid.obj
c:\sourcecode\march1998\src\build\server\crowbar.sbr
c:\sourcecode\march1998\src\build\server\crowbar.obj
c:\sourcecode\march1998\src\build\server\flyingmonster.sbr
c:\sourcecode\march1998\src\build\server\flyingmonster.obj
c:\sourcecode\march1998\src\build\server\genericmonster.sbr
c:\sourcecode\march1998\src\build\server\genericmonster.obj
c:\sourcecode\march1998\src\build\server\hassault.sbr
c:\sourcecode\march1998\src\build\server\hassault.obj
c:\sourcecode\march1998\src\build\server\h_cine.sbr
c:\sourcecode\march1998\src\build\server\h_cine.obj
c:\sourcecode\march1998\src\build\server\maprules.sbr
c:\sourcecode\march1998\src\build\server\maprules.obj
c:\sourcecode\march1998\src\build\server\nodes.sbr
c:\sourcecode\march1998\src\build\server\nodes.obj
c:\sourcecode\march1998\src\build\server\reddoc.sbr
c:\sourcecode\march1998\src\build\server\reddoc.obj
c:\sourcecode\march1998\src\build\server\shotgun.sbr
c:\sourcecode\march1998\src\build\server\shotgun.obj
c:\sourcecode\march1998\src\build\server\robo.sbr
c:\sourcecode\march1998\src\build\server\robo.obj
c:\sourcecode\march1998\src\build\server\teamplay_gamerules.sbr
c:\sourcecode\march1998\src\build\server\teamplay_gamerules.obj
c:\sourcecode\march1998\src\build\server\xbowbolt.sbr
c:\sourcecode\march1998\src\build\server\xbowbolt.obj
c:\sourcecode\march1998\src\build\server\aflock.sbr
c:\sourcecode\march1998\src\build\server\aflock.obj
c:\sourcecode\march1998\src\build\server\buttons.sbr
c:\sourcecode\march1998\src\build\server\buttons.obj
c:\sourcecode\march1998\src\build\server\diablo.sbr
c:\sourcecode\march1998\src\build\server\diablo.obj
c:\sourcecode\march1998\src\build\server\egon.sbr
c:\sourcecode\march1998\src\build\server\egon.obj
c:\sourcecode\march1998\src\build\server\func_break.sbr
c:\sourcecode\march1998\src\build\server\func_break.obj
c:\sourcecode\march1998\src\build\server\glock.sbr
c:\sourcecode\march1998\src\build\server\glock.obj
c:\sourcecode\march1998\src\build\server\hornetgun.sbr
c:\sourcecode\march1998\src\build\server\hornetgun.obj
c:\sourcecode\march1998\src\build\server\items.sbr
c:\sourcecode\march1998\src\build\server\items.obj
c:\sourcecode\march1998\src\build\server\mortar.sbr
c:\sourcecode\march1998\src\build\server\mortar.obj
c:\sourcecode\march1998\src\build\server\plane.sbr
c:\sourcecode\march1998\src\build\server\plane.obj
c:\sourcecode\march1998\src\build\server\rpg.sbr
c:\sourcecode\march1998\src\build\server\rpg.obj
c:\sourcecode\march1998\src\build\server\sound.sbr
c:\sourcecode\march1998\src\build\server\sound.obj
c:\sourcecode\march1998\src\build\server\subs.sbr
c:\sourcecode\march1998\src\build\server\subs.obj
c:\sourcecode\march1998\src\build\server\weapons.sbr
c:\sourcecode\march1998\src\build\server\weapons.obj
c:\sourcecode\march1998\src\build\server\apache.sbr
c:\sourcecode\march1998\src\build\server\apache.obj
c:\sourcecode\march1998\src\build\server\bmodels.sbr
c:\sourcecode\march1998\src\build\server\bmodels.obj
c:\sourcecode\march1998\src\build\server\crossbow.sbr
c:\sourcecode\march1998\src\build\server\crossbow.obj
c:\sourcecode\march1998\src\build\server\fly.sbr
c:\sourcecode\march1998\src\build\server\fly.obj
c:\sourcecode\march1998\src\build\server\gauss.sbr
c:\sourcecode\march1998\src\build\server\gauss.obj
c:\sourcecode\march1998\src\build\server\headcrab.sbr
c:\sourcecode\march1998\src\build\server\headcrab.obj
c:\sourcecode\march1998\src\build\server\h_battery.sbr
c:\sourcecode\march1998\src\build\server\h_battery.obj
c:\sourcecode\march1998\src\build\server\leech.sbr
c:\sourcecode\march1998\src\build\server\leech.obj
c:\sourcecode\march1998\src\build\server\multiplay_gamerules.sbr
c:\sourcecode\march1998\src\build\server\multiplay_gamerules.obj
c:\sourcecode\march1998\src\build\server\python.sbr
c:\sourcecode\march1998\src\build\server\python.obj
c:\sourcecode\march1998\src\build\server\singleplay_gamerules.sbr
c:\sourcecode\march1998\src\build\server\singleplay_gamerules.obj
c:\sourcecode\march1998\src\build\server\squadmonster.sbr
c:\sourcecode\march1998\src\build\server\squadmonster.obj
c:\sourcecode\march1998\src\build\server\tempmonster.sbr
c:\sourcecode\march1998\src\build\server\tempmonster.obj
c:\sourcecode\march1998\src\build\server\triggers.sbr
c:\sourcecode\march1998\src\build\server\triggers.obj
c:\sourcecode\march1998\src\build\server\vc143.pdb
c:\sourcecode\march1998\src\build\server\pm_debug.sbr
c:\sourcecode\march1998\src\build\server\pm_debug.obj
c:\sourcecode\march1998\src\build\server\pm_math.sbr
c:\sourcecode\march1998\src\build\server\pm_math.obj
c:\sourcecode\march1998\src\build\server\pm_shared.sbr
c:\sourcecode\march1998\src\build\server\pm_shared.obj
c:\sourcecode\march1998\valve\bin\server.dll
c:\sourcecode\march1998\valve\bin\server.pdb
c:\sourcecode\march1998\src\build\server\server.lib
c:\sourcecode\march1998\src\build\server\server.exp
c:\sourcecode\march1998\src\..\valve\bin\server.pdb
c:\sourcecode\march1998\src\build\server\hl.vcxproj.filelistabsolute.txt
c:\sourcecode\march1998\src\build\server\server.tlog\bscmake.command.1.tlog
c:\sourcecode\march1998\src\build\server\server.tlog\bscmake.read.1.tlog
c:\sourcecode\march1998\src\build\server\server.tlog\bscmake.write.1.tlog
c:\sourcecode\march1998\src\build\server\server.tlog\cl.command.1.tlog
c:\sourcecode\march1998\src\build\server\server.tlog\cl.items.tlog
c:\sourcecode\march1998\src\build\server\server.tlog\cl.read.1.tlog
c:\sourcecode\march1998\src\build\server\server.tlog\cl.write.1.tlog
c:\sourcecode\march1998\src\build\server\server.tlog\link.command.1.tlog
c:\sourcecode\march1998\src\build\server\server.tlog\link.read.1.tlog
c:\sourcecode\march1998\src\build\server\server.tlog\link.secondary.1.tlog
c:\sourcecode\march1998\src\build\server\server.tlog\link.write.1.tlog
