"blank"					"=========================="
"blank"					"Movement"
"blank"					"=========================="
"+forward"				"Move forward"
"+back"					"Move back"
"+moveleft"				"Move left (strafe)"
"+moveright"			"Move right (strafe)"
"+left"					"Turn left"
"+right"				"Turn right"
"+jump"					"Jump"
"+duck"					"Duck"
"+moveup"				"Swim up"
"+movedown"				"Swim down"
"+lookup"				"Look up"
"+lookdown"				"Look down"
"centerview"			"Look straight ahead"
"+strafe"				"Strafe modifier"
"+mlook"				"Mouse look modifier"
"+klook"				"Keyboard look modifier"
"+use"					"Use item (buttons, npcs, ...)"
"blank"					""
"blank"					"=========================="
"blank"					"Combat"
"blank"					"=========================="
"+attack"				"Primary attack"
"+attack2"				"Secondary attack"
"+reload"				"Reload weapon"
"+speed"		        "Walk"
"impulse 100"			"Flashlight"
"impulse 201"			"Spray logo"
"slot1"					"Weapon category 1"
"slot2"					"Weapon category 2"
"slot3" 				"Weapon category 3"
"slot4"					"Weapon category 4"
"slot5"					"Weapon category 5"
"invprev"				"Previous weapon"
"invnext"				"Next weapon"
"lastinv"				"Last used weapon"
"blank"					""
"blank"					"=========================="
"blank"					"Miscellaneous"
"blank"					"=========================="
"snapshot"				"Take screen shot"
"save quick"			"Quick save"
"load quick"			"Quick load"
"pause"					"Pause game"
"quit"					"Quit game"